
> michael-portfolio@0.1.0 build
> next build

   ▲ Next.js 15.1.4

   Creating an optimized production build ...

warn - The class `duration-[var(--dur-base)]` is ambiguous and matches multiple utilities.
warn - If this is content and not a class, replace it with `duration-&lsqb;var(--dur-base)&rsqb;` to silence this warning.

warn - The class `duration-[var(--dur-fast)]` is ambiguous and matches multiple utilities.
warn - If this is content and not a class, replace it with `duration-&lsqb;var(--dur-fast)&rsqb;` to silence this warning.

warn - The class `ease-[cubic-bezier(0.22,1,0.36,1)]` is ambiguous and matches multiple utilities.
warn - If this is content and not a class, replace it with `ease-&lsqb;cubic-bezier(0.22,1,0.36,1)&rsqb;` to silence this warning.
 ✓ Compiled successfully
   Linting and checking validity of types ...
   Collecting page data ...
   Generating static pages (0/5) ...
   Generating static pages (1/5) 
   Generating static pages (2/5) 
   Generating static pages (3/5) 
 ✓ Generating static pages (5/5)
   Finalizing page optimization ...
   Collecting build traces ...

Route (app)                              Size     First Load JS
┌ ○ /                                    14.9 kB         158 kB
└ ○ /_not-found                          979 B           106 kB
+ First Load JS shared by all            105 kB
  ├ chunks/4bd1b696-491a34f87345079c.js  52.9 kB
  ├ chunks/517-1d8a7887329e32bd.js       50.5 kB
  └ other shared chunks (total)          2.06 kB


○  (Static)  prerendered as static content

