
> michael-portfolio@0.1.0 build
> next build

   ▲ Next.js 15.1.4

   Creating an optimized production build ...
Failed to compile.

./app/layout.jsx
Error:   [31mx[0m `ssr: false` is not allowed with `next/dynamic` in Server Components. Please move it into a client component.
    ,-[[36;1;4m/Users/michaelduran/React Projects/Portfolio/app/layout.jsx[0m:9:1]
 [2m 6[0m | import { ScrollRail } from "@/components/motion/ScrollRail";
 [2m 7[0m | import { Navbar } from "@/components/ui/Navbar";
 [2m 8[0m | 
 [2m 9[0m | const AxeDev = dynamic(() => import("@/components/a11y/AxeDev"), { ssr: false });
    : [35;1m               ^^^^^^^^^^^^^^^^^^^^^^^^^^^^^^^^^^^^^^^^^^^^^^^^^^^^^^^^^^^^^^^^^[0m
 [2m10[0m | 
 [2m11[0m | const inter = Inter({ subsets: ["latin"], variable: "--font-inter", display: "swap" });
 [2m12[0m | const jetbrains = JetBrains_Mono({ subsets: ["latin"], variable: "--font-jetbrains", display: "swap" });
    `----

Import trace for requested module:
./app/layout.jsx


> Build failed because of webpack errors
